c:\users\bruce\documents\cursorprojects\perdiagnosticscpp\perdiagnostics\perdiagnostics\x64\debug\vc143.pdb
c:\users\bruce\documents\cursorprojects\perdiagnosticscpp\perdiagnostics\perdiagnostics\x64\debug\vc143.idb
c:\users\bruce\documents\cursorprojects\perdiagnosticscpp\perdiagnostics\perdiagnostics\x64\debug\main.obj
c:\users\bruce\documents\cursorprojects\perdiagnosticscpp\perdiagnostics\perdiagnostics\x64\debug\imgui_widgets.obj
c:\users\bruce\documents\cursorprojects\perdiagnosticscpp\perdiagnostics\perdiagnostics\x64\debug\imgui_tables.obj
c:\users\bruce\documents\cursorprojects\perdiagnosticscpp\perdiagnostics\perdiagnostics\x64\debug\imgui_draw.obj
c:\users\bruce\documents\cursorprojects\perdiagnosticscpp\perdiagnostics\perdiagnostics\x64\debug\imgui_demo.obj
c:\users\bruce\documents\cursorprojects\perdiagnosticscpp\perdiagnostics\perdiagnostics\x64\debug\imgui.obj
c:\users\bruce\documents\cursorprojects\perdiagnosticscpp\perdiagnostics\perdiagnostics\x64\debug\imgui_impl_win32.obj
c:\users\bruce\documents\cursorprojects\perdiagnosticscpp\perdiagnostics\perdiagnostics\x64\debug\imgui_impl_dx9.obj
c:\users\bruce\documents\cursorprojects\perdiagnosticscpp\perdiagnostics\x64\debug\perdiagnostics.pdb
c:\users\bruce\documents\cursorprojects\perdiagnosticscpp\perdiagnostics\perdiagnostics\x64\debug\perdiagnostics.tlog\cl.command.1.tlog
c:\users\bruce\documents\cursorprojects\perdiagnosticscpp\perdiagnostics\perdiagnostics\x64\debug\perdiagnostics.tlog\cl.read.1.tlog
c:\users\bruce\documents\cursorprojects\perdiagnosticscpp\perdiagnostics\perdiagnostics\x64\debug\perdiagnostics.tlog\cl.write.1.tlog
c:\users\bruce\documents\cursorprojects\perdiagnosticscpp\perdiagnostics\perdiagnostics\x64\debug\perdiagnostics.tlog\link-cvtres.read.1.tlog
c:\users\bruce\documents\cursorprojects\perdiagnosticscpp\perdiagnostics\perdiagnostics\x64\debug\perdiagnostics.tlog\link-cvtres.write.1.tlog
c:\users\bruce\documents\cursorprojects\perdiagnosticscpp\perdiagnostics\perdiagnostics\x64\debug\perdiagnostics.tlog\link-rc.read.1.tlog
c:\users\bruce\documents\cursorprojects\perdiagnosticscpp\perdiagnostics\perdiagnostics\x64\debug\perdiagnostics.tlog\link-rc.write.1.tlog
c:\users\bruce\documents\cursorprojects\perdiagnosticscpp\perdiagnostics\perdiagnostics\x64\debug\perdiagnostics.tlog\link.command.1.tlog
c:\users\bruce\documents\cursorprojects\perdiagnosticscpp\perdiagnostics\perdiagnostics\x64\debug\perdiagnostics.tlog\link.read.1.tlog
c:\users\bruce\documents\cursorprojects\perdiagnosticscpp\perdiagnostics\perdiagnostics\x64\debug\perdiagnostics.tlog\link.read.2.tlog
c:\users\bruce\documents\cursorprojects\perdiagnosticscpp\perdiagnostics\perdiagnostics\x64\debug\perdiagnostics.tlog\link.write.1.tlog
